2021-08-19 14:36:03,947 - C:/Users/rvish/sudha/BillingSystem/logs/bill_processor - INFO - This is the logger object
2021-08-19 14:36:03,947 - C:/Users/rvish/sudha/BillingSystem/logs/bill_processor - INFO - Process following files:['20210819143545.json', '20210819143547.json', '20210819143549.json', '20210819143551.json', '20210819143553.json', '20210819143555.json', '20210819143557.json', '20210819143559.json', '20210819143601.json', '20210819143603.json']
2021-08-19 14:36:03,947 - C:/Users/rvish/sudha/BillingSystem/logs/bill_processor - INFO - {'bill_id': '20210819143545', 'store_id': 2, 'bill_date': '2008-11-29', 'bill_details': {'4': 3, '17': 5, '14': 10, '24': 3, '6': 16, '13': 17, '19': 14, '12': 4, '16': 16}}
2021-08-19 14:36:03,978 - C:/Users/rvish/sudha/BillingSystem/logs/bill_processor - INFO - Writing to csv file:<_io.TextIOWrapper name='C:/Users/rvish/sudha/BillingSystem/csvfiles/bill_data20210819143603.csv' mode='w' encoding='cp1252'>
2021-08-19 14:36:03,978 - C:/Users/rvish/sudha/BillingSystem/logs/bill_processor - INFO - {'bill_id': '20210819143545', 'store_id': 2, 'bill_date': '2008-11-29', 'bill_total': Decimal('507.00')}
2021-08-19 14:36:03,994 - C:/Users/rvish/sudha/BillingSystem/logs/bill_processor - INFO - {'4': {'prod_id': '4', 'qty': 3, 'line_total': Decimal('21.75')}, '17': {'prod_id': '17', 'qty': 5, 'line_total': Decimal('40.00')}, '14': {'prod_id': '14', 'qty': 10, 'line_total': Decimal('100.00')}, '24': {'prod_id': '24', 'qty': 3, 'line_total': Decimal('45.00')}, '6': {'prod_id': '6', 'qty': 16, 'line_total': Decimal('52.00')}, '13': {'prod_id': '13', 'qty': 17, 'line_total': Decimal('55.25')}, '19': {'prod_id': '19', 'qty': 14, 'line_total': Decimal('77.00')}, '12': {'prod_id': '12', 'qty': 4, 'line_total': Decimal('80.00')}, '16': {'prod_id': '16', 'qty': 16, 'line_total': Decimal('36.00')}}
2021-08-19 14:36:03,994 - C:/Users/rvish/sudha/BillingSystem/logs/bill_processor - INFO - Writing to csv file:<_io.TextIOWrapper name='C:/Users/rvish/sudha/BillingSystem/csvfiles/bill_details20210819143603.csv' mode='a' encoding='cp1252'>
2021-08-19 14:36:03,994 - C:/Users/rvish/sudha/BillingSystem/logs/bill_processor - INFO - {'bill_id': '20210819143547', 'store_id': 5, 'bill_date': '2015-11-23', 'bill_details': {'4': 14, '30': 19, '23': 18, '20': 16, '10': 13}}
2021-08-19 14:36:03,994 - C:/Users/rvish/sudha/BillingSystem/logs/bill_processor - ERROR - 5:Store Id is not in (1, 4) range
2021-08-19 14:36:03,994 - C:/Users/rvish/sudha/BillingSystem/logs/bill_processor - INFO - {'bill_id': '20210819143549', 'store_id': 1, 'bill_date': '2000-10-08', 'bill_details': {'1': 15, '3': 17, '20': 3, '28': 5, '15': 15, '11': 18, '12': 1, '7': 11, '10': 8, '14': 5}}
2021-08-19 14:36:04,009 - C:/Users/rvish/sudha/BillingSystem/logs/bill_processor - ERROR - 28:Product is not in (1, 25) range
2021-08-19 14:36:04,009 - C:/Users/rvish/sudha/BillingSystem/logs/bill_processor - INFO - {'bill_id': '20210819143551', 'store_id': 1, 'bill_date': '2007-05-07', 'bill_details': {'17': 14, '14': 14, '12': 11, '27': 3, '0': 1, '5': 11, '10': 19, '18': 7, '28': 3, '6': 3, '24': 18, '26': 11, '29': 12, '11': 4}}
2021-08-19 14:36:04,009 - C:/Users/rvish/sudha/BillingSystem/logs/bill_processor - ERROR - 27:Product is not in (1, 25) range
2021-08-19 14:36:04,025 - C:/Users/rvish/sudha/BillingSystem/logs/bill_processor - INFO - {'bill_id': '20210819143553', 'store_id': 1, 'bill_date': '2018-01-11', 'bill_details': {'6': 10, '4': 8, '5': 6, '8': 4, '24': 13, '19': 6, '29': 8, '3': 3}}
2021-08-19 14:36:04,025 - C:/Users/rvish/sudha/BillingSystem/logs/bill_processor - ERROR - 29:Product is not in (1, 25) range
2021-08-19 14:36:04,025 - C:/Users/rvish/sudha/BillingSystem/logs/bill_processor - INFO - {'bill_id': '20210819143555', 'store_id': 5, 'bill_date': '2006-09-24', 'bill_details': {'13': 20, '20': 14, '8': 11, '7': 19, '0': 4, '27': 16, '10': 5, '9': 3, '15': 11, '21': 20, '4': 20, '5': 12, '22': 18, '24': 2}}
2021-08-19 14:36:04,025 - C:/Users/rvish/sudha/BillingSystem/logs/bill_processor - ERROR - 5:Store Id is not in (1, 4) range
2021-08-19 14:36:04,025 - C:/Users/rvish/sudha/BillingSystem/logs/bill_processor - INFO - {'bill_id': '20210819143557', 'store_id': 1, 'bill_date': '2016-10-05', 'bill_details': {'26': 5, '18': 18, '1': 17, '27': 8, '6': 6, '4': 11, '29': 7, '3': 18, '15': 12, '19': 16, '21': 10, '8': 15, '5': 8}}
2021-08-19 14:36:04,041 - C:/Users/rvish/sudha/BillingSystem/logs/bill_processor - ERROR - 26:Product is not in (1, 25) range
2021-08-19 14:36:04,041 - C:/Users/rvish/sudha/BillingSystem/logs/bill_processor - INFO - {'bill_id': '20210819143559', 'store_id': 4, 'bill_date': '2010-02-13', 'bill_details': {'21': 18, '1': 18, '24': 7, '9': 15, '13': 6, '22': 15, '17': 8, '5': 4, '30': 16, '3': 8, '26': 1}}
2021-08-19 14:36:04,041 - C:/Users/rvish/sudha/BillingSystem/logs/bill_processor - ERROR - 30:Product is not in (1, 25) range
2021-08-19 14:36:04,041 - C:/Users/rvish/sudha/BillingSystem/logs/bill_processor - INFO - {'bill_id': '20210819143601', 'store_id': 2, 'bill_date': '2005-01-18', 'bill_details': {'15': 17, '26': 13, '5': 16, '20': 17, '1': 20, '3': 5, '25': 14}}
2021-08-19 14:36:04,056 - C:/Users/rvish/sudha/BillingSystem/logs/bill_processor - ERROR - 26:Product is not in (1, 25) range
2021-08-19 14:36:04,056 - C:/Users/rvish/sudha/BillingSystem/logs/bill_processor - INFO - {'bill_id': '20210819143603', 'store_id': 4, 'bill_date': '2015-09-28', 'bill_details': {'13': 9, '7': 9, '29': 8, '3': 4, '18': 5, '1': 19, '9': 14, '2': 14}}
2021-08-19 14:36:04,056 - C:/Users/rvish/sudha/BillingSystem/logs/bill_processor - ERROR - 29:Product is not in (1, 25) range
