2021-08-19 14:35:33,397 - C:/Users/rvish/sudha/BillingSystem/logs/bill_generator - INFO - This is the logger object
2021-08-19 14:35:33,397 - C:/Users/rvish/sudha/BillingSystem/logs/bill_generator - INFO - {"bill_id": "20210819143533", "store_id": 2, "bill_date": "2010-01-14", "bill_details": {"10": 7, "28": 14, "22": 10, "6": 3, "17": 13, "9": 20, "30": 14, "12": 8}}
2021-08-19 14:35:35,411 - C:/Users/rvish/sudha/BillingSystem/logs/bill_generator - INFO - {"bill_id": "20210819143535", "store_id": 1, "bill_date": "2014-11-01", "bill_details": {"22": 6, "14": 13, "10": 1, "23": 1, "27": 17, "21": 2, "16": 5, "9": 4, "29": 7, "13": 4, "2": 11, "24": 6, "11": 14, "5": 2}}
2021-08-19 14:35:37,427 - C:/Users/rvish/sudha/BillingSystem/logs/bill_generator - INFO - {"bill_id": "20210819143537", "store_id": 5, "bill_date": "2004-06-24", "bill_details": {"25": 16, "10": 15, "24": 10, "18": 2, "14": 5, "27": 17, "19": 9, "13": 6, "29": 7}}
2021-08-19 14:35:39,486 - C:/Users/rvish/sudha/BillingSystem/logs/bill_generator - INFO - {"bill_id": "20210819143539", "store_id": 3, "bill_date": "2013-07-15", "bill_details": {"26": 12, "5": 19, "19": 1, "14": 4, "30": 18, "20": 17, "27": 4, "6": 13, "24": 16, "9": 12, "13": 20, "16": 1, "28": 10, "3": 8, "21": 19, "0": 13, "4": 5}}
2021-08-19 14:35:41,501 - C:/Users/rvish/sudha/BillingSystem/logs/bill_generator - INFO - {"bill_id": "20210819143541", "store_id": 3, "bill_date": "2007-10-27", "bill_details": {"25": 2, "14": 1, "26": 3, "1": 20, "9": 11, "0": 9, "2": 19, "27": 11, "23": 16, "21": 12, "11": 9, "3": 6, "7": 7, "6": 15, "30": 16, "20": 7, "19": 2}}
2021-08-19 14:35:43,511 - C:/Users/rvish/sudha/BillingSystem/logs/bill_generator - INFO - {"bill_id": "20210819143543", "store_id": 4, "bill_date": "2014-12-24", "bill_details": {"18": 13, "26": 19, "21": 2, "25": 13, "27": 13, "30": 1}}
2021-08-19 14:35:45,517 - C:/Users/rvish/sudha/BillingSystem/logs/bill_generator - INFO - {"bill_id": "20210819143545", "store_id": 2, "bill_date": "2008-11-29", "bill_details": {"4": 3, "17": 5, "14": 10, "24": 3, "6": 16, "13": 17, "19": 14, "12": 4, "16": 16}}
2021-08-19 14:35:47,531 - C:/Users/rvish/sudha/BillingSystem/logs/bill_generator - INFO - {"bill_id": "20210819143547", "store_id": 5, "bill_date": "2015-11-23", "bill_details": {"4": 14, "30": 19, "23": 18, "20": 16, "10": 13}}
2021-08-19 14:35:49,550 - C:/Users/rvish/sudha/BillingSystem/logs/bill_generator - INFO - {"bill_id": "20210819143549", "store_id": 1, "bill_date": "2000-10-08", "bill_details": {"1": 15, "3": 17, "20": 3, "28": 5, "15": 15, "11": 18, "12": 1, "7": 11, "10": 8, "14": 5}}
2021-08-19 14:35:51,558 - C:/Users/rvish/sudha/BillingSystem/logs/bill_generator - INFO - {"bill_id": "20210819143551", "store_id": 1, "bill_date": "2007-05-07", "bill_details": {"17": 14, "14": 14, "12": 11, "27": 3, "0": 1, "5": 11, "10": 19, "18": 7, "28": 3, "6": 3, "24": 18, "26": 11, "29": 12, "11": 4}}
2021-08-19 14:35:53,562 - C:/Users/rvish/sudha/BillingSystem/logs/bill_generator - INFO - {"bill_id": "20210819143553", "store_id": 1, "bill_date": "2018-01-11", "bill_details": {"6": 10, "4": 8, "5": 6, "8": 4, "24": 13, "19": 6, "29": 8, "3": 3}}
2021-08-19 14:35:55,562 - C:/Users/rvish/sudha/BillingSystem/logs/bill_generator - INFO - {"bill_id": "20210819143555", "store_id": 5, "bill_date": "2006-09-24", "bill_details": {"13": 20, "20": 14, "8": 11, "7": 19, "0": 4, "27": 16, "10": 5, "9": 3, "15": 11, "21": 20, "4": 20, "5": 12, "22": 18, "24": 2}}
2021-08-19 14:35:57,577 - C:/Users/rvish/sudha/BillingSystem/logs/bill_generator - INFO - {"bill_id": "20210819143557", "store_id": 1, "bill_date": "2016-10-05", "bill_details": {"26": 5, "18": 18, "1": 17, "27": 8, "6": 6, "4": 11, "29": 7, "3": 18, "15": 12, "19": 16, "21": 10, "8": 15, "5": 8}}
2021-08-19 14:35:59,582 - C:/Users/rvish/sudha/BillingSystem/logs/bill_generator - INFO - {"bill_id": "20210819143559", "store_id": 4, "bill_date": "2010-02-13", "bill_details": {"21": 18, "1": 18, "24": 7, "9": 15, "13": 6, "22": 15, "17": 8, "5": 4, "30": 16, "3": 8, "26": 1}}
2021-08-19 14:36:01,585 - C:/Users/rvish/sudha/BillingSystem/logs/bill_generator - INFO - {"bill_id": "20210819143601", "store_id": 2, "bill_date": "2005-01-18", "bill_details": {"15": 17, "26": 13, "5": 16, "20": 17, "1": 20, "3": 5, "25": 14}}
2021-08-19 14:36:03,592 - C:/Users/rvish/sudha/BillingSystem/logs/bill_generator - INFO - {"bill_id": "20210819143603", "store_id": 4, "bill_date": "2015-09-28", "bill_details": {"13": 9, "7": 9, "29": 8, "3": 4, "18": 5, "1": 19, "9": 14, "2": 14}}
2021-08-19 14:36:05,605 - C:/Users/rvish/sudha/BillingSystem/logs/bill_generator - INFO - {"bill_id": "20210819143605", "store_id": 4, "bill_date": "2015-06-23", "bill_details": {"25": 8, "18": 13, "10": 5, "28": 10}}
2021-08-19 14:36:07,607 - C:/Users/rvish/sudha/BillingSystem/logs/bill_generator - INFO - {"bill_id": "20210819143607", "store_id": 1, "bill_date": "2014-07-11", "bill_details": {"1": 9, "24": 16, "17": 7, "6": 14, "7": 1, "22": 11, "28": 11, "26": 3, "2": 20, "13": 1, "14": 15}}
2021-08-19 14:36:09,611 - C:/Users/rvish/sudha/BillingSystem/logs/bill_generator - INFO - {"bill_id": "20210819143609", "store_id": 2, "bill_date": "2019-01-20", "bill_details": {"6": 13}}
2021-08-19 14:36:11,626 - C:/Users/rvish/sudha/BillingSystem/logs/bill_generator - INFO - {"bill_id": "20210819143611", "store_id": 5, "bill_date": "2007-12-05", "bill_details": {"5": 8, "4": 13, "3": 11, "6": 20, "9": 12, "27": 12, "20": 16, "29": 19, "14": 2, "7": 20}}
2021-08-19 14:36:13,637 - C:/Users/rvish/sudha/BillingSystem/logs/bill_generator - INFO - {"bill_id": "20210819143613", "store_id": 3, "bill_date": "2010-01-09", "bill_details": {"2": 2}}
2021-08-19 14:36:15,655 - C:/Users/rvish/sudha/BillingSystem/logs/bill_generator - INFO - {"bill_id": "20210819143615", "store_id": 3, "bill_date": "2008-11-16", "bill_details": {"8": 7, "13": 14, "11": 18, "1": 6, "30": 18, "29": 20, "7": 4, "18": 10, "3": 3, "24": 5, "5": 15, "17": 3, "19": 10, "12": 17, "21": 8, "4": 6, "10": 15}}
2021-08-19 14:36:17,661 - C:/Users/rvish/sudha/BillingSystem/logs/bill_generator - INFO - {"bill_id": "20210819143617", "store_id": 3, "bill_date": "2010-10-23", "bill_details": {"17": 15, "27": 6, "25": 2, "24": 5, "5": 17, "15": 17, "6": 11, "19": 10, "7": 5, "21": 3}}
2021-08-19 14:36:19,679 - C:/Users/rvish/sudha/BillingSystem/logs/bill_generator - INFO - {"bill_id": "20210819143619", "store_id": 2, "bill_date": "2013-11-09", "bill_details": {"18": 1, "28": 10, "13": 19, "6": 5, "21": 18, "25": 8, "30": 14, "19": 5, "7": 4}}
2021-08-19 14:36:21,696 - C:/Users/rvish/sudha/BillingSystem/logs/bill_generator - INFO - {"bill_id": "20210819143621", "store_id": 3, "bill_date": "2012-07-21", "bill_details": {"20": 5, "14": 3, "6": 1, "18": 1, "4": 11, "26": 2, "5": 6, "22": 1, "24": 18, "0": 1, "8": 18, "27": 4, "15": 9, "12": 4, "3": 7, "30": 16, "16": 8}}
2021-08-19 14:36:23,713 - C:/Users/rvish/sudha/BillingSystem/logs/bill_generator - INFO - {"bill_id": "20210819143623", "store_id": 4, "bill_date": "2015-07-09", "bill_details": {"30": 7, "12": 3, "21": 6, "9": 3, "19": 20, "18": 4, "5": 18, "14": 16, "15": 15, "29": 11, "10": 13, "8": 15, "4": 11, "11": 15, "24": 3, "3": 9}}
2021-08-19 14:36:25,733 - C:/Users/rvish/sudha/BillingSystem/logs/bill_generator - INFO - {"bill_id": "20210819143625", "store_id": 3, "bill_date": "2018-06-25", "bill_details": {"17": 7, "27": 13, "12": 13}}
2021-08-19 14:36:27,741 - C:/Users/rvish/sudha/BillingSystem/logs/bill_generator - INFO - {"bill_id": "20210819143627", "store_id": 1, "bill_date": "2004-03-22", "bill_details": {"7": 13, "9": 7, "17": 13, "12": 18}}
2021-08-19 14:36:29,757 - C:/Users/rvish/sudha/BillingSystem/logs/bill_generator - INFO - {"bill_id": "20210819143629", "store_id": 2, "bill_date": "2012-01-03", "bill_details": {"10": 6, "13": 1, "12": 12, "0": 2, "24": 6, "8": 10, "3": 7, "16": 15, "11": 15, "18": 5, "26": 10}}
2021-08-19 14:36:31,763 - C:/Users/rvish/sudha/BillingSystem/logs/bill_generator - INFO - {"bill_id": "20210819143631", "store_id": 1, "bill_date": "2012-08-13", "bill_details": {"19": 1, "21": 11, "26": 11, "8": 9, "17": 12, "9": 5, "4": 9, "13": 6, "7": 13, "29": 1, "0": 1, "5": 16, "14": 12, "22": 17, "30": 10}}
2021-08-19 14:36:33,769 - C:/Users/rvish/sudha/BillingSystem/logs/bill_generator - INFO - {"bill_id": "20210819143633", "store_id": 5, "bill_date": "2015-01-24", "bill_details": {"7": 11, "30": 10, "17": 13}}
2021-08-19 14:36:35,773 - C:/Users/rvish/sudha/BillingSystem/logs/bill_generator - INFO - {"bill_id": "20210819143635", "store_id": 1, "bill_date": "2003-02-17", "bill_details": {"12": 14, "24": 7, "30": 7, "7": 14, "18": 17, "20": 20, "15": 5, "0": 12, "13": 9, "29": 11, "25": 4}}
2021-08-19 14:36:37,784 - C:/Users/rvish/sudha/BillingSystem/logs/bill_generator - INFO - {"bill_id": "20210819143637", "store_id": 4, "bill_date": "2001-04-06", "bill_details": {"30": 4, "14": 19, "15": 12, "7": 20, "21": 14, "20": 16, "4": 12, "28": 3, "5": 14, "2": 17, "11": 7, "16": 2, "29": 13, "8": 9, "12": 11}}
2021-08-19 14:37:02,105 - C:/Users/rvish/sudha/BillingSystem/logs/bill_generator - INFO - This is the logger object
2021-08-19 14:37:02,105 - C:/Users/rvish/sudha/BillingSystem/logs/bill_generator - INFO - {"bill_id": "20210819143702", "store_id": 3, "bill_date": "2005-02-20", "bill_details": {"8": 13}}
2021-08-19 14:37:04,108 - C:/Users/rvish/sudha/BillingSystem/logs/bill_generator - INFO - {"bill_id": "20210819143704", "store_id": 4, "bill_date": "2016-02-12", "bill_details": {"18": 7, "24": 14, "16": 8, "17": 11, "7": 20, "6": 15, "2": 14, "11": 15, "0": 14, "9": 15, "12": 13, "30": 11, "25": 14, "23": 17, "29": 7}}
2021-08-19 14:37:06,120 - C:/Users/rvish/sudha/BillingSystem/logs/bill_generator - INFO - {"bill_id": "20210819143706", "store_id": 2, "bill_date": "2018-08-13", "bill_details": {"9": 20, "8": 3, "16": 12, "2": 6, "13": 13, "0": 16, "26": 15, "25": 2, "5": 18, "19": 6}}
2021-08-19 14:37:08,135 - C:/Users/rvish/sudha/BillingSystem/logs/bill_generator - INFO - {"bill_id": "20210819143708", "store_id": 5, "bill_date": "2013-08-22", "bill_details": {"20": 5, "10": 10, "22": 2, "7": 5, "17": 2, "9": 9, "12": 14, "13": 3, "29": 17, "25": 11, "15": 13, "19": 8}}
2021-08-19 14:37:10,144 - C:/Users/rvish/sudha/BillingSystem/logs/bill_generator - INFO - {"bill_id": "20210819143710", "store_id": 2, "bill_date": "2011-04-19", "bill_details": {"5": 17, "25": 5, "15": 7, "14": 10, "30": 20, "26": 11, "17": 6, "23": 12, "8": 7, "11": 12, "3": 2, "28": 9, "16": 1, "0": 13, "7": 13, "19": 2, "13": 9, "20": 20}}
2021-08-19 14:37:12,155 - C:/Users/rvish/sudha/BillingSystem/logs/bill_generator - INFO - {"bill_id": "20210819143712", "store_id": 4, "bill_date": "2015-09-09", "bill_details": {"11": 20, "16": 15, "2": 3, "25": 16, "14": 1, "26": 20, "18": 10, "4": 17, "27": 15, "13": 8, "9": 15, "23": 14, "6": 12, "22": 19, "0": 20, "3": 6}}
